生成启动时间为 2015/12/25 2:13:21。
     1>项目“D:\D3DProjects\HouNou\HouNou\HouNou.vcxproj”在节点 2 上(Build 个目标)。
     1>ClCompile:
         D:\Visual Studio 2015\VC\bin\x86_amd64\CL.exe /c /ZI /nologo /W3 /WX- /sdl /Od /D _DEBUG /D _WINDOWS /D _UNICODE /D UNICODE /Gm /EHsc /RTC1 /MDd /GS /fp:precise /Zc:wchar_t /Zc:forScope /Zc:inline /Fo"x64\Debug\\" /Fd"x64\Debug\vc140.pdb" /Gd /TP /errorReport:prompt AI_PlayerClass.cpp CDirectMusic.cpp D3DGUIClass.cpp DirectInputClass.cpp DirectX.cpp Game.cpp Game_GUI.cpp main.cpp MonsterClass.cpp PlayerClass.cpp SpriteClass.cpp StoneClass.cpp TileUtil.cpp
         TileUtil.cpp
     1>d:\d3dprojects\hounou\hounou\directx.h(28): fatal error C1083: 无法打开包括文件: “d3dx9.h”: No such file or directory
         StoneClass.cpp
     1>d:\d3dprojects\hounou\hounou\directx.h(28): fatal error C1083: 无法打开包括文件: “d3dx9.h”: No such file or directory
         SpriteClass.cpp
     1>d:\d3dprojects\hounou\hounou\directx.h(28): fatal error C1083: 无法打开包括文件: “d3dx9.h”: No such file or directory
         PlayerClass.cpp
     1>d:\d3dprojects\hounou\hounou\directx.h(28): fatal error C1083: 无法打开包括文件: “d3dx9.h”: No such file or directory
         MonsterClass.cpp
     1>d:\d3dprojects\hounou\hounou\directx.h(28): fatal error C1083: 无法打开包括文件: “d3dx9.h”: No such file or directory
         main.cpp
     1>d:\d3dprojects\hounou\hounou\directx.h(28): fatal error C1083: 无法打开包括文件: “d3dx9.h”: No such file or directory
         Game_GUI.cpp
     1>d:\d3dprojects\hounou\hounou\directx.h(28): fatal error C1083: 无法打开包括文件: “d3dx9.h”: No such file or directory
         Game.cpp
     1>d:\d3dprojects\hounou\hounou\directx.h(28): fatal error C1083: 无法打开包括文件: “d3dx9.h”: No such file or directory
         DirectX.cpp
     1>d:\d3dprojects\hounou\hounou\directx.h(28): fatal error C1083: 无法打开包括文件: “d3dx9.h”: No such file or directory
         DirectInputClass.cpp
         D3DGUIClass.cpp
     1>d:\d3dprojects\hounou\hounou\d3dguiclass.cpp(8): fatal error C1083: 无法打开包括文件: “d3dx9.h”: No such file or directory
         CDirectMusic.cpp
     1>d:\d3dprojects\hounou\hounou\cdirectmusic.h(13): fatal error C1083: 无法打开包括文件: “dmusici.h”: No such file or directory
         AI_PlayerClass.cpp
     1>d:\d3dprojects\hounou\hounou\directx.h(28): fatal error C1083: 无法打开包括文件: “d3dx9.h”: No such file or directory
         正在生成代码...
     1>已完成生成项目“D:\D3DProjects\HouNou\HouNou\HouNou.vcxproj”(Build 个目标)的操作 - 失败。

生成失败。

已用时间 00:00:09.38
